{"name": "Отображение заказа в статусе \"в работе\"", "status": "failed", "statusDetails": {"message": "AssertionError: assert '0130359' == '0130358'\n  \n  - 0130358\n  ?       ^\n  + 0130359\n  ?       ^", "trace": "self = <test_order_list.TestOrderList object at 0x102613250>\nlogin = <selenium.webdriver.chrome.webdriver.WebDriver (session=\"67681c72f7496de138860743e42a3972\")>\n\n    @allure.title('Отображение заказа в статусе \"в работе\"')\n    def test_display_number_of_order_in_progress_status(self, login):\n        order_page = Orderslist(login)\n        order = Constructor(login)\n        main_page = MainPage(login)\n        profile = Profile(login)\n        order.add_ingredient_to_burger()\n        order.create_order()\n        main_page.wait_element_disappeared()\n        order.close_modal_window()\n        main_page.wait_element_disappeared()\n        profile.go_to_profile()\n        main_page.wait_element_disappeared()\n        profile.go_to_orders_history()\n        main_page.wait_element_disappeared()\n        user_order_id = profile.get_order_id()\n        main_page.go_to_orders_tab()\n        main_page.wait_element_disappeared()\n        user_order_id_in_list_of_orders = order_page.get_order_id_in_progress_status()\n>       assert user_order_id.strip('#') == user_order_id_in_list_of_orders\nE       AssertionError: assert '0130359' == '0130358'\nE         \nE         - 0130358\nE         ?       ^\nE         + 0130359\nE         ?       ^\n\ntests/test_order_list.py:58: AssertionError"}, "steps": [{"name": "Добавить ингредиент в бургер", "status": "passed", "start": 1728199152882, "stop": 1728199153442}, {"name": "Создать заказ", "status": "passed", "start": 1728199153443, "stop": 1728199153477}, {"name": "Закрыть модальное окно", "status": "passed", "start": 1728199153492, "stop": 1728199154059}, {"name": "Перейти в профиль", "status": "passed", "start": 1728199154075, "stop": 1728199154285}, {"name": "Перейти в историю заказов", "status": "passed", "start": 1728199154300, "stop": 1728199154870}, {"name": "Получить id заказа", "status": "passed", "start": 1728199154886, "stop": 1728199155438}, {"name": "Перейти в таб \"Лента заказов\"", "status": "passed", "start": 1728199155439, "stop": 1728199155491}, {"name": "Получить id заказа в статусе \"в работе\"", "status": "passed", "start": 1728199155504, "stop": 1728199158134}], "parameters": [{"name": "login", "value": "'chrome'"}], "start": 1728199152881, "stop": 1728199158135, "uuid": "85e7f14b-2c2d-438f-9a02-ae67a0d08502", "historyId": "50a8e664c5ae4165c3f3bc6f309b83ca", "testCaseId": "0a4610ce26b171868f1056fca87c3668", "fullName": "tests.test_order_list.TestOrderList#test_display_number_of_order_in_progress_status", "labels": [{"name": "parentSuite", "value": "tests"}, {"name": "suite", "value": "test_order_list"}, {"name": "subSuite", "value": "TestOrderList"}, {"name": "host", "value": "192.168.1.5"}, {"name": "thread", "value": "10893-MainThread"}, {"name": "framework", "value": "pytest"}, {"name": "language", "value": "cpython3"}, {"name": "package", "value": "tests.test_order_list"}]}